VATCalculator/android/app/build/outputs/mapping/release/seeds.txt
androidx.appcompat.widget.ActionMenuView: void setPresenter(androidx.appcompat.widget.ActionMenuPresenter)
com.google.firebase.installations.FirebaseInstallations: com.google.android.gms.tasks.Task addGetAuthTokenListener()
com.google.firebase.analytics.ktx.ConsentBuilder: void setAdStorage(com.google.firebase.analytics.FirebaseAnalytics$ConsentStatus)
com.google.android.gms.ads.internal.client.LiteSdkInfo: com.google.android.gms.internal.ads.zzbom getAdapterCreator()
com.google.firebase.platforminfo.LibraryVersion: java.lang.String getLibraryName()
com.google.android.gms.ads.internal.client.zzy: com.google.android.gms.ads.AdSize[] zzb(boolean)
com.google.android.gms.measurement.internal.AppMeasurementDynamiteService: void unregisterOnMeasurementEventListener(com.google.android.gms.internal.measurement.zzdp)
androidx.core.view.ViewCompat$Api17Impl: int getLabelFor(android.view.View)
androidx.recyclerview.widget.RecyclerView: boolean isLayoutSuppressed()
com.android.billingclient.api.zzbi: zzbi(java.lang.ref.WeakReference,android.os.ResultReceiver,com.android.billingclient.api.zzbh)
com.google.firebase.heartbeatinfo.HeartBeatInfoStorage: java.lang.String getStoredUserAgentString(java.lang.String)
com.android.billingclient.api.zzcd: void zzf(int,java.util.List,java.util.List,com.android.billingclient.api.BillingResult,boolean,boolean)
com.google.android.gms.ads.search.DynamicHeightSearchAdRequest$Builder: com.google.android.gms.ads.search.DynamicHeightSearchAdRequest$Builder setColorAdBorder(java.lang.String)
com.google.android.datatransport.Priority: com.google.android.datatransport.Priority valueOf(java.lang.String)
com.google.firebase.components.R: R()
com.google.android.gms.ads.internal.util.zzt: boolean zzD(android.content.Context)
com.google.android.gms.ads.internal.zzu: com.google.android.gms.internal.ads.zzbad zzc()
androidx.appcompat.widget.Toolbar: int getTitleMarginStart()
com.google.firebase.heartbeatinfo.DefaultHeartBeatController: com.google.android.gms.tasks.Task registerHeartBeat()
com.android.billingclient.api.ProductDetails$PricingPhase: int getRecurrenceMode()
com.google.firebase.installations.local.PersistedInstallationEntry: java.lang.String getAuthToken()
com.google.android.gms.ads.AdSize: boolean isFullWidth()
com.google.android.gms.ads.LoadAdError: org.json.JSONObject zzb()
com.google.android.gms.ads.interstitial.InterstitialAd: java.lang.String getAdUnitId()
com.android.billingclient.api.BillingClientImpl: android.os.Bundle zzd(java.lang.String,java.lang.String)
com.android.billingclient.api.SkuDetails: java.lang.String getTitle()
com.google.firebase.installations.AwaitListener: AwaitListener()
com.google.android.gms.ads.internal.client.zzbf: void zzf(com.google.android.gms.ads.internal.client.zze)
com.google.firebase.installations.Utils: com.google.firebase.installations.Utils getInstance()
com.google.firebase.components.ComponentRuntime: ComponentRuntime(java.util.concurrent.Executor,java.lang.Iterable,java.util.Collection,com.google.firebase.components.ComponentRegistrarProcessor)
com.google.android.gms.ads.OnUserEarnedRewardListener: void onUserEarnedReward(com.google.android.gms.ads.rewarded.RewardItem)
com.google.android.gms.internal.ads.zzzy: boolean zza(android.content.Context)
com.android.billingclient.api.InAppMessageResult: int getResponseCode()
com.google.android.gms.internal.ads.zzbre: zzbre()
androidx.core.view.animation.PathInterpolatorCompat$Api21Impl: android.view.animation.PathInterpolator createPathInterpolator(float,float,float,float)
androidx.concurrent.futures.AbstractResolvableFuture: void addListener(java.lang.Runnable,java.util.concurrent.Executor)
com.android.billingclient.api.zzcq: zzcq(org.json.JSONObject)
com.google.android.gms.ads.MobileAdsInitProvider: boolean onCreate()
com.android.billingclient.api.zzaw: zzaw(com.android.billingclient.api.zzay)